<?xml version="1.0" encoding="UTF-8"?>
<testsuite name="com.audition.common.logging.AuditionLoggerTest$DebugTests" tests="2" skipped="0" failures="0" errors="0" timestamp="2025-04-09T04:39:49" hostname="AMAL3W7R5J7W5" time="0.001">
  <properties/>
  <testcase name="shouldLogDebugMessageWhenDebugIsEnabled()" classname="com.audition.common.logging.AuditionLoggerTest$DebugTests" time="0.0"/>
  <testcase name="shouldNotLogDebugMessageWhenDebugIsDisabled()" classname="com.audition.common.logging.AuditionLoggerTest$DebugTests" time="0.0"/>
  <system-out><![CDATA[]]></system-out>
  <system-err><![CDATA[]]></system-err>
</testsuite>
