<?xml version="1.0" encoding="UTF-8"?>
<testsuite name="com.audition.web.AuditionControllerTest$GetPostComments" tests="3" skipped="0" failures="0" errors="0" timestamp="2025-04-09T04:39:50" hostname="AMAL3W7R5J7W5" time="0.01">
  <properties/>
  <testcase name="givenValidPostIdWhenNoCommentsExistThenReturnEmptyList()" classname="com.audition.web.AuditionControllerTest$GetPostComments" time="0.003"/>
  <testcase name="givenValidPostIdWhenGetCommentsForPostThenReturnComments()" classname="com.audition.web.AuditionControllerTest$GetPostComments" time="0.002"/>
  <testcase name="givenInvalidPostIdWhenGetCommentsForPostThenReturn400()" classname="com.audition.web.AuditionControllerTest$GetPostComments" time="0.004"/>
  <system-out><![CDATA[2025-04-09 14:39:50.744  INFO 996 --- [    Test worker] t.c.s.AnnotationConfigContextLoaderUtils : Could not detect default configuration classes for test class [com.audition.web.AuditionControllerTest$GetPostComments]: GetPostComments does not declare any static, non-private, non-final, nested classes annotated with @Configuration.
2025-04-09 14:39:50.745  INFO 996 --- [    Test worker] .b.t.c.SpringBootTestContextBootstrapper : Found @SpringBootConfiguration com.audition.AuditionApplication for test class com.audition.web.AuditionControllerTest$GetPostComments
]]></system-out>
  <system-err><![CDATA[]]></system-err>
</testsuite>
