<?xml version="1.0" encoding="UTF-8"?>
<testsuite name="com.audition.web.AuditionControllerTest$GetPostWithComments" tests="3" skipped="0" failures="0" errors="0" timestamp="2025-04-09T04:39:50" hostname="AMAL3W7R5J7W5" time="0.012">
  <properties/>
  <testcase name="givenValidPostIdWhenGetPostWithCommentsThenReturnPostWithComments()" classname="com.audition.web.AuditionControllerTest$GetPostWithComments" time="0.005"/>
  <testcase name="givenInvalidPostIdWhenGetPostWithCommentsThenReturn400()" classname="com.audition.web.AuditionControllerTest$GetPostWithComments" time="0.003"/>
  <testcase name="givenNonExistingPostIdWhenGetPostWithCommentsThenReturn404()" classname="com.audition.web.AuditionControllerTest$GetPostWithComments" time="0.002"/>
  <system-out><![CDATA[2025-04-09 14:39:50.728  INFO 996 --- [    Test worker] t.c.s.AnnotationConfigContextLoaderUtils : Could not detect default configuration classes for test class [com.audition.web.AuditionControllerTest$GetPostWithComments]: GetPostWithComments does not declare any static, non-private, non-final, nested classes annotated with @Configuration.
2025-04-09 14:39:50.729  INFO 996 --- [    Test worker] .b.t.c.SpringBootTestContextBootstrapper : Found @SpringBootConfiguration com.audition.AuditionApplication for test class com.audition.web.AuditionControllerTest$GetPostWithComments
]]></system-out>
  <system-err><![CDATA[]]></system-err>
</testsuite>
