<?xml version="1.0" encoding="UTF-8"?>
<testsuite name="com.audition.AuditionApplicationTests" tests="1" skipped="0" failures="0" errors="0" timestamp="2025-04-09T06:28:48" hostname="AMAL3W7R5J7W5" time="0.206">
  <properties/>
  <testcase name="contextLoads()" classname="com.audition.AuditionApplicationTests" time="0.206"/>
  <system-out><![CDATA[16:28:46.582 [Test worker] DEBUG org.springframework.boot.test.context.SpringBootTestContextBootstrapper - Neither @ContextConfiguration nor @ContextHierarchy found for test class [AuditionApplicationTests]: using SpringBootContextLoader
16:28:46.586 [Test worker] DEBUG org.springframework.test.context.support.AbstractContextLoader - Could not detect default resource locations for test class [com.audition.AuditionApplicationTests]: no resource found for suffixes {-context.xml, Context.groovy}.
16:28:46.587 [Test worker] INFO org.springframework.test.context.support.AnnotationConfigContextLoaderUtils - Could not detect default configuration classes for test class [com.audition.AuditionApplicationTests]: AuditionApplicationTests does not declare any static, non-private, non-final, nested classes annotated with @Configuration.
16:28:46.603 [Test worker] DEBUG org.springframework.boot.test.context.SpringBootTestContextBootstrapper - Using ContextCustomizers for test class [AuditionApplicationTests]: [DisableObservabilityContextCustomizer, PropertyMappingContextCustomizer, Customizer, ExcludeFilterContextCustomizer, DuplicateJsonObjectContextCustomizer, MockitoContextCustomizer, TestRestTemplateContextCustomizer]
16:28:46.663 [Test worker] DEBUG org.springframework.context.annotation.ClassPathScanningCandidateComponentProvider - Identified candidate component class: file [/Users/gourav.pathela/Documents/projects/audition-api/build/classes/java/main/com/audition/AuditionApplication.class]
16:28:46.664 [Test worker] INFO org.springframework.boot.test.context.SpringBootTestContextBootstrapper - Found @SpringBootConfiguration com.audition.AuditionApplication for test class com.audition.AuditionApplicationTests
16:28:46.726 [Test worker] DEBUG org.springframework.test.context.util.TestContextSpringFactoriesUtils - Skipping candidate TestExecutionListener [org.springframework.test.context.transaction.TransactionalTestExecutionListener] due to a missing dependency. Specify custom TestExecutionListener classes or make the default TestExecutionListener classes and their required dependencies available. Offending class: [org/springframework/transaction/interceptor/TransactionAttributeSource]
16:28:46.727 [Test worker] DEBUG org.springframework.test.context.util.TestContextSpringFactoriesUtils - Skipping candidate TestExecutionListener [org.springframework.test.context.jdbc.SqlScriptsTestExecutionListener] due to a missing dependency. Specify custom TestExecutionListener classes or make the default TestExecutionListener classes and their required dependencies available. Offending class: [org/springframework/transaction/interceptor/TransactionAttribute]
16:28:46.728 [Test worker] DEBUG org.springframework.boot.test.context.SpringBootTestContextBootstrapper - Using TestExecutionListeners for test class [AuditionApplicationTests]: [ServletTestExecutionListener, DirtiesContextBeforeModesTestExecutionListener, ApplicationEventsTestExecutionListener, MockitoTestExecutionListener, DependencyInjectionTestExecutionListener, DirtiesContextTestExecutionListener, EventPublishingTestExecutionListener, RestDocsTestExecutionListener, MockRestServiceServerResetTestExecutionListener, MockMvcPrintOnlyOnFailureTestExecutionListener, WebDriverTestExecutionListener, MockWebServiceServerTestExecutionListener, ResetMocksTestExecutionListener]
16:28:46.729 [Test worker] DEBUG org.springframework.test.context.support.AbstractDirtiesContextTestExecutionListener - Before test class: class [AuditionApplicationTests], class annotated with @DirtiesContext [false] with mode [null]
16:28:47,324 |-INFO in ch.qos.logback.core.joran.util.ConfigurationWatchListUtil@65bb4cb9 - Adding [jar:file:/Users/gourav.pathela/.gradle/caches/modules-2/files-2.1/org.springframework.boot/spring-boot/3.0.3/d781e7afbeb3d05ce361e9cc4fa7d38b15fb3862/spring-boot-3.0.3.jar!/org/springframework/boot/logging/logback/defaults.xml] to configuration watch list.
16:28:47,325 |-INFO in ch.qos.logback.core.joran.spi.ConfigurationWatchList@7b33deed - URL [jar:file:/Users/gourav.pathela/.gradle/caches/modules-2/files-2.1/org.springframework.boot/spring-boot/3.0.3/d781e7afbeb3d05ce361e9cc4fa7d38b15fb3862/spring-boot-3.0.3.jar!/org/springframework/boot/logging/logback/defaults.xml] is not of type file
16:28:47,326 |-INFO in ch.qos.logback.core.joran.action.ConversionRuleAction - registering conversion word clr with class [org.springframework.boot.logging.logback.ColorConverter]
16:28:47,326 |-INFO in ch.qos.logback.core.joran.action.ConversionRuleAction - registering conversion word wex with class [org.springframework.boot.logging.logback.WhitespaceThrowableProxyConverter]
16:28:47,326 |-INFO in ch.qos.logback.core.joran.action.ConversionRuleAction - registering conversion word wEx with class [org.springframework.boot.logging.logback.ExtendedWhitespaceThrowableProxyConverter]
16:28:47,351 |-INFO in ch.qos.logback.core.model.processor.AppenderModelHandler - Processing appender named [console]
16:28:47,351 |-INFO in ch.qos.logback.core.model.processor.AppenderModelHandler - About to instantiate appender of type [ch.qos.logback.core.ConsoleAppender]
16:28:47,353 |-INFO in ch.qos.logback.core.model.processor.ImplicitModelHandler - Assuming default type [ch.qos.logback.classic.encoder.PatternLayoutEncoder] for [encoder] property
16:28:47,368 |-WARN in ch.qos.logback.core.model.processor.AppenderModelHandler - Appender named [flatfile] not referenced. Skipping further processing.
16:28:47,368 |-WARN in ch.qos.logback.core.model.processor.AppenderModelHandler - Appender named [logstash] not referenced. Skipping further processing.
16:28:47,368 |-INFO in ch.qos.logback.classic.model.processor.LoggerModelHandler - Setting level of logger [org.apache.catalina.startup.DigesterFactory] to ERROR
16:28:47,368 |-INFO in ch.qos.logback.classic.jul.LevelChangePropagator@7fd32c56 - Propagating ERROR level on Logger[org.apache.catalina.startup.DigesterFactory] onto the JUL framework
16:28:47,369 |-INFO in ch.qos.logback.classic.model.processor.LoggerModelHandler - Setting level of logger [org.apache.catalina.util.LifecycleBase] to ERROR
16:28:47,369 |-INFO in ch.qos.logback.classic.jul.LevelChangePropagator@7fd32c56 - Propagating ERROR level on Logger[org.apache.catalina.util.LifecycleBase] onto the JUL framework
16:28:47,369 |-INFO in ch.qos.logback.classic.model.processor.LoggerModelHandler - Setting level of logger [org.apache.coyote.http11.Http11NioProtocol] to WARN
16:28:47,369 |-INFO in ch.qos.logback.classic.jul.LevelChangePropagator@7fd32c56 - Propagating WARN level on Logger[org.apache.coyote.http11.Http11NioProtocol] onto the JUL framework
16:28:47,369 |-INFO in ch.qos.logback.classic.model.processor.LoggerModelHandler - Setting level of logger [org.apache.sshd.common.util.SecurityUtils] to WARN
16:28:47,369 |-INFO in ch.qos.logback.classic.jul.LevelChangePropagator@7fd32c56 - Propagating WARN level on Logger[org.apache.sshd.common.util.SecurityUtils] onto the JUL framework
16:28:47,369 |-INFO in ch.qos.logback.classic.model.processor.LoggerModelHandler - Setting level of logger [org.apache.tomcat.util.net.NioSelectorPool] to WARN
16:28:47,369 |-INFO in ch.qos.logback.classic.jul.LevelChangePropagator@7fd32c56 - Propagating WARN level on Logger[org.apache.tomcat.util.net.NioSelectorPool] onto the JUL framework
16:28:47,369 |-INFO in ch.qos.logback.classic.model.processor.LoggerModelHandler - Setting level of logger [org.eclipse.jetty.util.component.AbstractLifeCycle] to ERROR
16:28:47,369 |-INFO in ch.qos.logback.classic.jul.LevelChangePropagator@7fd32c56 - Propagating ERROR level on Logger[org.eclipse.jetty.util.component.AbstractLifeCycle] onto the JUL framework
16:28:47,369 |-INFO in ch.qos.logback.classic.model.processor.LoggerModelHandler - Setting level of logger [org.hibernate.validator.internal.util.Version] to WARN
16:28:47,369 |-INFO in ch.qos.logback.classic.jul.LevelChangePropagator@7fd32c56 - Propagating WARN level on Logger[org.hibernate.validator.internal.util.Version] onto the JUL framework
16:28:47,369 |-INFO in ch.qos.logback.classic.model.processor.LoggerModelHandler - Setting level of logger [org.springframework.boot.actuate.endpoint.jmx] to WARN
16:28:47,369 |-INFO in ch.qos.logback.classic.jul.LevelChangePropagator@7fd32c56 - Propagating WARN level on Logger[org.springframework.boot.actuate.endpoint.jmx] onto the JUL framework
16:28:47,369 |-INFO in ch.qos.logback.classic.model.processor.RootLoggerModelHandler - Setting level of ROOT logger to INFO
16:28:47,369 |-INFO in ch.qos.logback.classic.jul.LevelChangePropagator@7fd32c56 - Propagating INFO level on Logger[ROOT] onto the JUL framework
16:28:47,369 |-INFO in ch.qos.logback.core.model.processor.AppenderRefModelHandler - Attaching appender named [console] to Logger[ROOT]
16:28:47,369 |-INFO in ch.qos.logback.core.model.processor.DefaultProcessor@b04a6a4 - End of configuration.
16:28:47,369 |-INFO in org.springframework.boot.logging.logback.SpringBootJoranConfigurator@3465edf9 - Registering current configuration as safe fallback point


  .   ____          _            __ _ _
 /\\ / ___'_ __ _ _(_)_ __  __ _ \ \ \ \
( ( )\___ | '_ | '_| | '_ \/ _` | \ \ \ \
 \\/  ___)| |_)| | | | | || (_| |  ) ) ) )
  '  |____| .__|_| |_|_| |_\__, | / / / /
 =========|_|==============|___/=/_/_/_/
 :: Spring Boot ::                (v3.0.3)

2025-04-09 16:28:47.415  INFO 44319 --- [    Test worker] com.audition.AuditionApplicationTests    : Starting AuditionApplicationTests using Java 17.0.12 with PID 44319 (started by gourav.pathela in /Users/gourav.pathela/Documents/projects/audition-api)
2025-04-09 16:28:47.416  INFO 44319 --- [    Test worker] com.audition.AuditionApplicationTests    : No active profile set, falling back to 1 default profile: "default"
2025-04-09 16:28:47.437  INFO 44319 --- [    Test worker] o.s.c.c.c.ConfigServerConfigDataLoader   : Fetching config from server at : http://localhost:8888
2025-04-09 16:28:47.437  INFO 44319 --- [    Test worker] o.s.c.c.c.ConfigServerConfigDataLoader   : Connect Timeout Exception on Url - http://localhost:8888. Will try the next url if available
2025-04-09 16:28:47.437  WARN 44319 --- [    Test worker] o.s.c.c.c.ConfigServerConfigDataLoader   : Could not locate PropertySource ([ConfigServerConfigDataResource@2157889c uris = array<String>['http://localhost:8888'], optional = true, profiles = list['default']]): I/O error on GET request for "http://localhost:8888/application/default": Connection refused: localhost/127.0.0.1:8888
2025-04-09 16:28:48.038  INFO 44319 --- [    Test worker] o.s.cloud.context.scope.GenericScope     : BeanFactory id=c47099af-0dd7-369a-af0d-a1034ea3b5bd
2025-04-09 16:28:48.890  INFO 44319 --- [    Test worker] o.s.b.a.e.web.EndpointLinksResolver      : Exposing 1 endpoint(s) beneath base path '/actuator'
2025-04-09 16:28:48.917  INFO 44319 --- [    Test worker] com.audition.AuditionApplicationTests    : Started AuditionApplicationTests in 2.161 seconds (process running for 3.063)
]]></system-out>
  <system-err><![CDATA[]]></system-err>
</testsuite>
