<?xml version="1.0" encoding="UTF-8"?>
<testsuite name="com.audition.service.AuditionServiceTest$PaginationTests" tests="4" skipped="0" failures="0" errors="0" timestamp="2025-04-09T06:21:59" hostname="AMAL3W7R5J7W5" time="0.003">
  <properties/>
  <testcase name="returnsPartialListWhenEndIndexExceedsListSize()" classname="com.audition.service.AuditionServiceTest$PaginationTests" time="0.001"/>
  <testcase name="returnsCorrectPageSubset()" classname="com.audition.service.AuditionServiceTest$PaginationTests" time="0.001"/>
  <testcase name="returnsAllPostsWhenPageZeroAndSizeExceedsList()" classname="com.audition.service.AuditionServiceTest$PaginationTests" time="0.0"/>
  <testcase name="returnsEmptyListWhenPageIsOutOfRange()" classname="com.audition.service.AuditionServiceTest$PaginationTests" time="0.001"/>
  <system-out><![CDATA[]]></system-out>
  <system-err><![CDATA[]]></system-err>
</testsuite>
