<?xml version="1.0" encoding="UTF-8"?>
<testsuite name="com.audition.service.AuditionServiceTest$GetPostWithComments" tests="2" skipped="0" failures="0" errors="0" timestamp="2025-04-09T06:21:59" hostname="AMAL3W7R5J7W5" time="0.001">
  <properties/>
  <testcase name="givenInvalidPostIdWhenGetPostWithCommentsThenThrowSystemException()" classname="com.audition.service.AuditionServiceTest$GetPostWithComments" time="0.001"/>
  <testcase name="givenValidPostIdWhenGetPostWithCommentsThenReturnCombinedObject()" classname="com.audition.service.AuditionServiceTest$GetPostWithComments" time="0.0"/>
  <system-out><![CDATA[]]></system-out>
  <system-err><![CDATA[]]></system-err>
</testsuite>
