<?xml version="1.0" encoding="UTF-8"?>
<testsuite name="com.audition.service.AuditionServiceTest$GetPostsTest" tests="6" skipped="0" failures="0" errors="0" timestamp="2025-04-09T06:21:59" hostname="AMAL3W7R5J7W5" time="0.004">
  <properties/>
  <testcase name="givenTitleContainsWhenGetFilteredPostsThenReturnMatchingTitles()" classname="com.audition.service.AuditionServiceTest$GetPostsTest" time="0.0"/>
  <testcase name="givenMinIdWhenGetFilteredPostsThenReturnFilteredByMinId()" classname="com.audition.service.AuditionServiceTest$GetPostsTest" time="0.0"/>
  <testcase name="whenGetPostsThenReturnAllFromClient()" classname="com.audition.service.AuditionServiceTest$GetPostsTest" time="0.001"/>
  <testcase name="givenMaxIdWhenGetFilteredPostsThenReturnFilteredByMaxId()" classname="com.audition.service.AuditionServiceTest$GetPostsTest" time="0.001"/>
  <testcase name="givenNoFiltersWhenGetFilteredPostsThenReturnAll()" classname="com.audition.service.AuditionServiceTest$GetPostsTest" time="0.0"/>
  <testcase name="givenAllFiltersWhenGetFilteredPostsThenReturnCombinedFilterResult()" classname="com.audition.service.AuditionServiceTest$GetPostsTest" time="0.001"/>
  <system-out><![CDATA[]]></system-out>
  <system-err><![CDATA[]]></system-err>
</testsuite>
