<?xml version="1.0" encoding="UTF-8"?>
<testsuite name="com.audition.web.AuditionControllerTest$FilterPostsTest" tests="6" skipped="0" failures="0" errors="0" timestamp="2025-04-09T04:39:50" hostname="AMAL3W7R5J7W5" time="0.125">
  <properties/>
  <testcase name="givenEmptyTitleContainsWhenGetPostsThenReturnAll()" classname="com.audition.web.AuditionControllerTest$FilterPostsTest" time="0.107"/>
  <testcase name="givenTitleContainsWhenGetPostsThenReturnFilteredPosts()" classname="com.audition.web.AuditionControllerTest$FilterPostsTest" time="0.004"/>
  <testcase name="givenMaxIdWhenGetPostsThenReturnFilteredPosts()" classname="com.audition.web.AuditionControllerTest$FilterPostsTest" time="0.003"/>
  <testcase name="givenAllParamsWhenGetPostsThenReturnFilteredPosts()" classname="com.audition.web.AuditionControllerTest$FilterPostsTest" time="0.002"/>
  <testcase name="givenMinIdWhenGetPostsThenReturnFilteredPosts()" classname="com.audition.web.AuditionControllerTest$FilterPostsTest" time="0.003"/>
  <testcase name="givenNoParamsWhenGetPostsThenReturnAllPosts()" classname="com.audition.web.AuditionControllerTest$FilterPostsTest" time="0.002"/>
  <system-out><![CDATA[2025-04-09 14:39:50.183  INFO 996 --- [    Test worker] t.c.s.AnnotationConfigContextLoaderUtils : Could not detect default configuration classes for test class [com.audition.web.AuditionControllerTest$FilterPostsTest]: FilterPostsTest does not declare any static, non-private, non-final, nested classes annotated with @Configuration.
2025-04-09 14:39:50.185  INFO 996 --- [    Test worker] .b.t.c.SpringBootTestContextBootstrapper : Found @SpringBootConfiguration com.audition.AuditionApplication for test class com.audition.web.AuditionControllerTest$FilterPostsTest
14:39:50,225 |-INFO in ch.qos.logback.core.joran.util.ConfigurationWatchListUtil@1c1efbab - Adding [jar:file:/Users/gourav.pathela/.gradle/caches/modules-2/files-2.1/org.springframework.boot/spring-boot/3.0.3/d781e7afbeb3d05ce361e9cc4fa7d38b15fb3862/spring-boot-3.0.3.jar!/org/springframework/boot/logging/logback/defaults.xml] to configuration watch list.
14:39:50,225 |-INFO in ch.qos.logback.core.joran.spi.ConfigurationWatchList@9f4d59c - URL [jar:file:/Users/gourav.pathela/.gradle/caches/modules-2/files-2.1/org.springframework.boot/spring-boot/3.0.3/d781e7afbeb3d05ce361e9cc4fa7d38b15fb3862/spring-boot-3.0.3.jar!/org/springframework/boot/logging/logback/defaults.xml] is not of type file
14:39:50,226 |-INFO in ch.qos.logback.core.joran.action.ConversionRuleAction - registering conversion word clr with class [org.springframework.boot.logging.logback.ColorConverter]
14:39:50,226 |-INFO in ch.qos.logback.core.joran.action.ConversionRuleAction - registering conversion word wex with class [org.springframework.boot.logging.logback.WhitespaceThrowableProxyConverter]
14:39:50,226 |-INFO in ch.qos.logback.core.joran.action.ConversionRuleAction - registering conversion word wEx with class [org.springframework.boot.logging.logback.ExtendedWhitespaceThrowableProxyConverter]
14:39:50,226 |-INFO in ch.qos.logback.core.model.processor.AppenderModelHandler - Processing appender named [console]
14:39:50,226 |-INFO in ch.qos.logback.core.model.processor.AppenderModelHandler - About to instantiate appender of type [ch.qos.logback.core.ConsoleAppender]
14:39:50,227 |-INFO in ch.qos.logback.core.model.processor.ImplicitModelHandler - Assuming default type [ch.qos.logback.classic.encoder.PatternLayoutEncoder] for [encoder] property
14:39:50,227 |-WARN in ch.qos.logback.core.model.processor.AppenderModelHandler - Appender named [flatfile] not referenced. Skipping further processing.
14:39:50,227 |-WARN in ch.qos.logback.core.model.processor.AppenderModelHandler - Appender named [logstash] not referenced. Skipping further processing.
14:39:50,227 |-INFO in ch.qos.logback.classic.model.processor.LoggerModelHandler - Setting level of logger [org.apache.catalina.startup.DigesterFactory] to ERROR
14:39:50,227 |-INFO in ch.qos.logback.classic.jul.LevelChangePropagator@3eed18c2 - Propagating ERROR level on Logger[org.apache.catalina.startup.DigesterFactory] onto the JUL framework
14:39:50,227 |-INFO in ch.qos.logback.classic.model.processor.LoggerModelHandler - Setting level of logger [org.apache.catalina.util.LifecycleBase] to ERROR
14:39:50,227 |-INFO in ch.qos.logback.classic.jul.LevelChangePropagator@3eed18c2 - Propagating ERROR level on Logger[org.apache.catalina.util.LifecycleBase] onto the JUL framework
14:39:50,227 |-INFO in ch.qos.logback.classic.model.processor.LoggerModelHandler - Setting level of logger [org.apache.coyote.http11.Http11NioProtocol] to WARN
14:39:50,227 |-INFO in ch.qos.logback.classic.jul.LevelChangePropagator@3eed18c2 - Propagating WARN level on Logger[org.apache.coyote.http11.Http11NioProtocol] onto the JUL framework
14:39:50,227 |-INFO in ch.qos.logback.classic.model.processor.LoggerModelHandler - Setting level of logger [org.apache.sshd.common.util.SecurityUtils] to WARN
14:39:50,227 |-INFO in ch.qos.logback.classic.jul.LevelChangePropagator@3eed18c2 - Propagating WARN level on Logger[org.apache.sshd.common.util.SecurityUtils] onto the JUL framework
14:39:50,227 |-INFO in ch.qos.logback.classic.model.processor.LoggerModelHandler - Setting level of logger [org.apache.tomcat.util.net.NioSelectorPool] to WARN
14:39:50,227 |-INFO in ch.qos.logback.classic.jul.LevelChangePropagator@3eed18c2 - Propagating WARN level on Logger[org.apache.tomcat.util.net.NioSelectorPool] onto the JUL framework
14:39:50,227 |-INFO in ch.qos.logback.classic.model.processor.LoggerModelHandler - Setting level of logger [org.eclipse.jetty.util.component.AbstractLifeCycle] to ERROR
14:39:50,227 |-INFO in ch.qos.logback.classic.jul.LevelChangePropagator@3eed18c2 - Propagating ERROR level on Logger[org.eclipse.jetty.util.component.AbstractLifeCycle] onto the JUL framework
14:39:50,227 |-INFO in ch.qos.logback.classic.model.processor.LoggerModelHandler - Setting level of logger [org.hibernate.validator.internal.util.Version] to WARN
14:39:50,227 |-INFO in ch.qos.logback.classic.jul.LevelChangePropagator@3eed18c2 - Propagating WARN level on Logger[org.hibernate.validator.internal.util.Version] onto the JUL framework
14:39:50,227 |-INFO in ch.qos.logback.classic.model.processor.LoggerModelHandler - Setting level of logger [org.springframework.boot.actuate.endpoint.jmx] to WARN
14:39:50,227 |-INFO in ch.qos.logback.classic.jul.LevelChangePropagator@3eed18c2 - Propagating WARN level on Logger[org.springframework.boot.actuate.endpoint.jmx] onto the JUL framework
14:39:50,227 |-INFO in ch.qos.logback.classic.model.processor.RootLoggerModelHandler - Setting level of ROOT logger to INFO
14:39:50,227 |-INFO in ch.qos.logback.classic.jul.LevelChangePropagator@3eed18c2 - Propagating INFO level on Logger[ROOT] onto the JUL framework
14:39:50,227 |-INFO in ch.qos.logback.core.model.processor.AppenderRefModelHandler - Attaching appender named [console] to Logger[ROOT]
14:39:50,227 |-INFO in ch.qos.logback.core.model.processor.DefaultProcessor@5bdecbc2 - End of configuration.
14:39:50,227 |-INFO in org.springframework.boot.logging.logback.SpringBootJoranConfigurator@3c56d04a - Registering current configuration as safe fallback point


  .   ____          _            __ _ _
 /\\ / ___'_ __ _ _(_)_ __  __ _ \ \ \ \
( ( )\___ | '_ | '_| | '_ \/ _` | \ \ \ \
 \\/  ___)| |_)| | | | | || (_| |  ) ) ) )
  '  |____| .__|_| |_|_| |_\__, | / / / /
 =========|_|==============|___/=/_/_/_/
 :: Spring Boot ::                (v3.0.3)

2025-04-09 14:39:50.231  INFO 996 --- [    Test worker] c.audition.web.AuditionControllerTest    : Starting AuditionControllerTest using Java 17.0.12 with PID 996 (started by gourav.pathela in /Users/gourav.pathela/Documents/projects/audition-api)
2025-04-09 14:39:50.232  INFO 996 --- [    Test worker] c.audition.web.AuditionControllerTest    : No active profile set, falling back to 1 default profile: "default"
2025-04-09 14:39:50.232  INFO 996 --- [    Test worker] o.s.c.c.c.ConfigServerConfigDataLoader   : Fetching config from server at : http://localhost:8888
2025-04-09 14:39:50.232  INFO 996 --- [    Test worker] o.s.c.c.c.ConfigServerConfigDataLoader   : Connect Timeout Exception on Url - http://localhost:8888. Will try the next url if available
2025-04-09 14:39:50.232  WARN 996 --- [    Test worker] o.s.c.c.c.ConfigServerConfigDataLoader   : Could not locate PropertySource ([ConfigServerConfigDataResource@443e7202 uris = array<String>['http://localhost:8888'], optional = true, profiles = list['default']]): I/O error on GET request for "http://localhost:8888/application/default": Connection refused: localhost/127.0.0.1:8888
2025-04-09 14:39:50.563  INFO 996 --- [    Test worker] o.s.b.t.m.w.SpringBootMockServletContext : Initializing Spring TestDispatcherServlet ''
2025-04-09 14:39:50.564  INFO 996 --- [    Test worker] o.s.t.web.servlet.TestDispatcherServlet  : Initializing Servlet ''
2025-04-09 14:39:50.565  INFO 996 --- [    Test worker] o.s.t.web.servlet.TestDispatcherServlet  : Completed initialization in 0 ms
2025-04-09 14:39:50.568  INFO 996 --- [    Test worker] c.audition.web.AuditionControllerTest    : Started AuditionControllerTest in 0.382 seconds (process running for 6.255)
]]></system-out>
  <system-err><![CDATA[]]></system-err>
</testsuite>
