<?xml version="1.0" encoding="UTF-8"?>
<testsuite name="com.audition.integration.AuditionIntegrationClientTest$GetPostWithComments" tests="3" skipped="0" failures="0" errors="0" timestamp="2025-04-09T01:23:29" hostname="AMAL3W7R5J7W5" time="0.007">
  <properties/>
  <testcase name="givenValidPostIdWhenGetPostWithCommentsThenReturnPostWithComments()" classname="com.audition.integration.AuditionIntegrationClientTest$GetPostWithComments" time="0.003"/>
  <testcase name="givenInvalidPostIdWhenGetPostWithCommentsThenThrowSystemExceptionFromGetPostById()" classname="com.audition.integration.AuditionIntegrationClientTest$GetPostWithComments" time="0.001"/>
  <testcase name="givenValidPostIdWhenCommentsApiFailsThenThrowSystemException()" classname="com.audition.integration.AuditionIntegrationClientTest$GetPostWithComments" time="0.002"/>
  <system-out><![CDATA[]]></system-out>
  <system-err><![CDATA[]]></system-err>
</testsuite>
