<?xml version="1.0" encoding="UTF-8"?>
<testsuite name="com.audition.configuration.RestTemplateConfigTest" tests="2" skipped="0" failures="0" errors="0" timestamp="2025-04-09T06:28:49" hostname="AMAL3W7R5J7W5" time="0.003">
  <properties/>
  <testcase name="restTemplateShouldUseConfiguredObjectMapper()" classname="com.audition.configuration.RestTemplateConfigTest" time="0.002"/>
  <testcase name="restTemplateShouldHaveLoggingInterceptor()" classname="com.audition.configuration.RestTemplateConfigTest" time="0.001"/>
  <system-out><![CDATA[]]></system-out>
  <system-err><![CDATA[]]></system-err>
</testsuite>
