<?xml version="1.0" encoding="UTF-8"?>
<testsuite name="com.audition.integration.AuditionIntegrationClientTest$GetPostCommentsTest" tests="2" skipped="0" failures="0" errors="0" timestamp="2025-04-09T01:23:29" hostname="AMAL3W7R5J7W5" time="0.003">
  <properties/>
  <testcase name="givenValidPostIdWhenGetCommentsForPostThenReturnComments()" classname="com.audition.integration.AuditionIntegrationClientTest$GetPostCommentsTest" time="0.001"/>
  <testcase name="givenApiFailureWhenGetCommentsForPostThenThrowSystemException()" classname="com.audition.integration.AuditionIntegrationClientTest$GetPostCommentsTest" time="0.001"/>
  <system-out><![CDATA[]]></system-out>
  <system-err><![CDATA[]]></system-err>
</testsuite>
