<?xml version="1.0" encoding="UTF-8"?>
<testsuite name="com.audition.web.AuditionControllerTest$FilterPostsTest" tests="6" skipped="0" failures="0" errors="0" timestamp="2025-04-09T06:28:49" hostname="AMAL3W7R5J7W5" time="0.015">
  <properties/>
  <testcase name="givenEmptyTitleContainsWhenGetPostsThenReturnAll()" classname="com.audition.web.AuditionControllerTest$FilterPostsTest" time="0.003"/>
  <testcase name="givenTitleContainsWhenGetPostsThenReturnFilteredPosts()" classname="com.audition.web.AuditionControllerTest$FilterPostsTest" time="0.002"/>
  <testcase name="givenMaxIdWhenGetPostsThenReturnFilteredPosts()" classname="com.audition.web.AuditionControllerTest$FilterPostsTest" time="0.002"/>
  <testcase name="givenAllParamsWhenGetPostsThenReturnFilteredPosts()" classname="com.audition.web.AuditionControllerTest$FilterPostsTest" time="0.002"/>
  <testcase name="givenMinIdWhenGetPostsThenReturnFilteredPosts()" classname="com.audition.web.AuditionControllerTest$FilterPostsTest" time="0.002"/>
  <testcase name="givenNoParamsWhenGetPostsThenReturnAllPosts()" classname="com.audition.web.AuditionControllerTest$FilterPostsTest" time="0.002"/>
  <system-out><![CDATA[2025-04-09 16:28:49.848  INFO 44319 --- [    Test worker] t.c.s.AnnotationConfigContextLoaderUtils : Could not detect default configuration classes for test class [com.audition.web.AuditionControllerTest$FilterPostsTest]: FilterPostsTest does not declare any static, non-private, non-final, nested classes annotated with @Configuration.
2025-04-09 16:28:49.850  INFO 44319 --- [    Test worker] .b.t.c.SpringBootTestContextBootstrapper : Found @SpringBootConfiguration com.audition.AuditionApplication for test class com.audition.web.AuditionControllerTest$FilterPostsTest
]]></system-out>
  <system-err><![CDATA[]]></system-err>
</testsuite>
