<?xml version="1.0" encoding="UTF-8"?>
<testsuite name="com.audition.integration.AuditionIntegrationClientTest" tests="12" skipped="0" failures="0" errors="0" timestamp="2025-04-05T07:42:25" hostname="AMAL3W7R5J7W5" time="0.584">
  <properties/>
  <testcase name="givenApiFailure_whenGetCommentsForPost_thenThrowSystemException()" classname="com.audition.integration.AuditionIntegrationClientTest" time="0.531"/>
  <testcase name="givenValidPostId_whenGetPostById_thenReturnAuditionPost()" classname="com.audition.integration.AuditionIntegrationClientTest" time="0.016"/>
  <testcase name="givenHttpClientErrorOtherThan404_whenGetPostById_thenThrowSystemException()" classname="com.audition.integration.AuditionIntegrationClientTest" time="0.008"/>
  <testcase name="givenInvalidPostId_whenGetPostById_thenThrowSystemExceptionWith404()" classname="com.audition.integration.AuditionIntegrationClientTest" time="0.002"/>
  <testcase name="givenInvalidPostId_whenGetPostWithComments_thenThrowSystemExceptionFromGetPostById()" classname="com.audition.integration.AuditionIntegrationClientTest" time="0.002"/>
  <testcase name="givenPostsExist_whenGetPosts_thenReturnThem()" classname="com.audition.integration.AuditionIntegrationClientTest" time="0.001"/>
  <testcase name="givenApiFailure_whenGetPosts_thenThrowSystemException()" classname="com.audition.integration.AuditionIntegrationClientTest" time="0.002"/>
  <testcase name="givenValidPostId_whenGetCommentsForPost_thenReturnComments()" classname="com.audition.integration.AuditionIntegrationClientTest" time="0.004"/>
  <testcase name="givenTimeout_whenGetPosts_thenThrowSystemException()" classname="com.audition.integration.AuditionIntegrationClientTest" time="0.002"/>
  <testcase name="givenValidPostId_whenCommentsApiFails_thenThrowSystemException()" classname="com.audition.integration.AuditionIntegrationClientTest" time="0.005"/>
  <testcase name="givenValidPostId_whenGetPostWithComments_thenReturnPostWithComments()" classname="com.audition.integration.AuditionIntegrationClientTest" time="0.002"/>
  <testcase name="givenApiFailure_whenGetPostById_thenThrowGenericSystemException()" classname="com.audition.integration.AuditionIntegrationClientTest" time="0.002"/>
  <system-out><![CDATA[]]></system-out>
  <system-err><![CDATA[]]></system-err>
</testsuite>
