<?xml version="1.0" encoding="UTF-8"?>
<testsuite name="com.audition.configuration.ResponseHeaderInjectorTest" tests="2" skipped="0" failures="0" errors="0" timestamp="2025-04-09T06:21:58" hostname="AMAL3W7R5J7W5" time="0.06">
  <properties/>
  <testcase name="whenCurrentSpanIsNullThenNoHeadersAreSet()" classname="com.audition.configuration.ResponseHeaderInjectorTest" time="0.049"/>
  <testcase name="whenCurrentSpanExistsThenTraceHeadersAreSet()" classname="com.audition.configuration.ResponseHeaderInjectorTest" time="0.011"/>
  <system-out><![CDATA[]]></system-out>
  <system-err><![CDATA[]]></system-err>
</testsuite>
