<?xml version="1.0" encoding="UTF-8"?>
<testsuite name="com.audition.integration.AuditionIntegrationClientTest$GetPostTest" tests="3" skipped="0" failures="0" errors="0" timestamp="2025-04-09T06:28:49" hostname="AMAL3W7R5J7W5" time="0.068">
  <properties/>
  <testcase name="givenTimeoutWhenGetPostsThenThrowSystemException()" classname="com.audition.integration.AuditionIntegrationClientTest$GetPostTest" time="0.065"/>
  <testcase name="givenApiFailureWhenGetPostsThenThrowSystemException()" classname="com.audition.integration.AuditionIntegrationClientTest$GetPostTest" time="0.001"/>
  <testcase name="givenPostsExistWhenGetPostsThenReturnThem()" classname="com.audition.integration.AuditionIntegrationClientTest$GetPostTest" time="0.001"/>
  <system-out><![CDATA[]]></system-out>
  <system-err><![CDATA[]]></system-err>
</testsuite>
