<?xml version="1.0" encoding="UTF-8"?>
<testsuite name="com.audition.configuration.ResponseHeaderInjectorTest" tests="2" skipped="0" failures="0" errors="0" timestamp="2025-04-09T04:39:49" hostname="AMAL3W7R5J7W5" time="0.065">
  <properties/>
  <testcase name="whenCurrentSpanIsNullThenNoHeadersAreSet()" classname="com.audition.configuration.ResponseHeaderInjectorTest" time="0.05"/>
  <testcase name="whenCurrentSpanExistsThenTraceHeadersAreSet()" classname="com.audition.configuration.ResponseHeaderInjectorTest" time="0.015"/>
  <system-out><![CDATA[]]></system-out>
  <system-err><![CDATA[]]></system-err>
</testsuite>
