<?xml version="1.0" encoding="UTF-8"?>
<testsuite name="com.audition.configuration.RestTemplateConfigTest" tests="2" skipped="0" failures="0" errors="0" timestamp="2025-04-06T01:23:22" hostname="AMAL3W7R5J7W5" time="0.259">
  <properties/>
  <testcase name="restTemplate_shouldHaveLoggingInterceptor()" classname="com.audition.configuration.RestTemplateConfigTest" time="0.255"/>
  <testcase name="restTemplate_shouldUseConfiguredObjectMapper()" classname="com.audition.configuration.RestTemplateConfigTest" time="0.003"/>
  <system-out><![CDATA[11:23:22.425 [Test worker] DEBUG org.springframework.test.context.support.DefaultTestContextBootstrapper - Using ContextCustomizers for test class [RestTemplateConfigTest]: [DisableObservabilityContextCustomizer, PropertyMappingContextCustomizer, Customizer, ExcludeFilterContextCustomizer, DuplicateJsonObjectContextCustomizer, MockitoContextCustomizer]
11:23:22.444 [Test worker] DEBUG org.springframework.test.context.support.DefaultTestContextBootstrapper - Using TestExecutionListeners for test class [RestTemplateConfigTest]: [ServletTestExecutionListener, DirtiesContextBeforeModesTestExecutionListener, ApplicationEventsTestExecutionListener, MockitoTestExecutionListener, DependencyInjectionTestExecutionListener, DirtiesContextTestExecutionListener, TransactionalTestExecutionListener, SqlScriptsTestExecutionListener, EventPublishingTestExecutionListener, RestDocsTestExecutionListener, MockRestServiceServerResetTestExecutionListener, MockMvcPrintOnlyOnFailureTestExecutionListener, WebDriverTestExecutionListener, MockWebServiceServerTestExecutionListener, ResetMocksTestExecutionListener]
11:23:22.445 [Test worker] DEBUG org.springframework.test.context.support.AbstractDirtiesContextTestExecutionListener - Before test class: class [RestTemplateConfigTest], class annotated with @DirtiesContext [false] with mode [null]
11:23:22.452 [Test worker] DEBUG org.springframework.test.context.support.DependencyInjectionTestExecutionListener - Performing dependency injection for test class com.audition.configuration.RestTemplateConfigTest
11:23:22.452 [Test worker] DEBUG org.springframework.test.context.support.AbstractGenericContextLoader - Loading ApplicationContext for test class com.audition.configuration.RestTemplateConfigTest
11:23:22.488 [Test worker] DEBUG org.springframework.core.env.StandardEnvironment - Activating profiles []
11:23:22.488 [Test worker] DEBUG org.springframework.test.context.support.AnnotationConfigContextLoader - Registering component classes: [com.audition.configuration.WebServiceConfiguration]
11:23:22.513 [Test worker] DEBUG org.springframework.context.support.GenericApplicationContext - Refreshing org.springframework.context.support.GenericApplicationContext@70c53dbe
11:23:22.521 [Test worker] DEBUG org.springframework.beans.factory.support.DefaultListableBeanFactory - Creating shared instance of singleton bean 'org.springframework.context.annotation.internalConfigurationAnnotationProcessor'
11:23:22.567 [Test worker] DEBUG org.springframework.beans.factory.support.DefaultListableBeanFactory - Creating shared instance of singleton bean 'org.springframework.boot.test.autoconfigure.actuate.observability.ObservabilityContextCustomizerFactory$NoopTracerRegistrar'
11:23:22.625 [Test worker] DEBUG org.springframework.beans.factory.support.DefaultListableBeanFactory - Creating shared instance of singleton bean 'org.springframework.boot.test.mock.mockito.MockitoPostProcessor'
11:23:22.638 [Test worker] DEBUG org.springframework.beans.factory.support.DefaultListableBeanFactory - Creating shared instance of singleton bean 'org.springframework.context.event.internalEventListenerProcessor'
11:23:22.639 [Test worker] DEBUG org.springframework.beans.factory.support.DefaultListableBeanFactory - Creating shared instance of singleton bean 'org.springframework.context.event.internalEventListenerFactory'
11:23:22.640 [Test worker] DEBUG org.springframework.beans.factory.support.DefaultListableBeanFactory - Creating shared instance of singleton bean 'org.springframework.context.annotation.internalAutowiredAnnotationProcessor'
11:23:22.641 [Test worker] DEBUG org.springframework.beans.factory.support.DefaultListableBeanFactory - Creating shared instance of singleton bean 'org.springframework.context.annotation.internalCommonAnnotationProcessor'
11:23:22.644 [Test worker] DEBUG org.springframework.beans.factory.support.DefaultListableBeanFactory - Creating shared instance of singleton bean 'org.springframework.context.annotation.internalPersistenceAnnotationProcessor'
11:23:22.644 [Test worker] DEBUG org.springframework.beans.factory.support.DefaultListableBeanFactory - Creating shared instance of singleton bean 'org.springframework.boot.test.mock.mockito.MockitoPostProcessor$SpyPostProcessor'
11:23:22.652 [Test worker] DEBUG org.springframework.beans.factory.support.DefaultListableBeanFactory - Creating shared instance of singleton bean 'webServiceConfiguration'
11:23:22.656 [Test worker] DEBUG org.springframework.beans.factory.support.DefaultListableBeanFactory - Creating shared instance of singleton bean 'objectMapper'
11:23:22.824 [Test worker] DEBUG org.springframework.beans.factory.support.DefaultListableBeanFactory - Creating shared instance of singleton bean 'restTemplate'
11:23:22.828 [Test worker] DEBUG org.springframework.beans.factory.support.DefaultListableBeanFactory - Autowiring by type from bean name 'restTemplate' via factory method to bean named 'objectMapper'
11:23:22.898 [Test worker] DEBUG org.springframework.beans.factory.support.DefaultListableBeanFactory - Creating shared instance of singleton bean 'noopTracer'
11:23:22.910 [Test worker] DEBUG org.springframework.test.context.cache - Spring test ApplicationContext cache statistics: [DefaultContextCache@6706da3d size = 1, maxSize = 32, parentContextCount = 0, hitCount = 0, missCount = 1]
11:23:22.913 [Test worker] DEBUG org.springframework.test.context.cache - Spring test ApplicationContext cache statistics: [DefaultContextCache@6706da3d size = 1, maxSize = 32, parentContextCount = 0, hitCount = 1, missCount = 1]
11:23:22.915 [Test worker] DEBUG org.springframework.test.context.support.AbstractDirtiesContextTestExecutionListener - Before test method: class [RestTemplateConfigTest], method [restTemplate_shouldHaveLoggingInterceptor], class annotated with @DirtiesContext [false] with mode [null], method annotated with @DirtiesContext [false] with mode [null]
11:23:22.919 [Test worker] DEBUG org.springframework.test.context.cache - Spring test ApplicationContext cache statistics: [DefaultContextCache@6706da3d size = 1, maxSize = 32, parentContextCount = 0, hitCount = 2, missCount = 1]
11:23:22.919 [Test worker] DEBUG org.springframework.test.context.cache - Spring test ApplicationContext cache statistics: [DefaultContextCache@6706da3d size = 1, maxSize = 32, parentContextCount = 0, hitCount = 3, missCount = 1]
11:23:23.160 [Test worker] DEBUG org.springframework.test.context.cache - Spring test ApplicationContext cache statistics: [DefaultContextCache@6706da3d size = 1, maxSize = 32, parentContextCount = 0, hitCount = 4, missCount = 1]
11:23:23.165 [Test worker] DEBUG org.springframework.test.context.cache - Spring test ApplicationContext cache statistics: [DefaultContextCache@6706da3d size = 1, maxSize = 32, parentContextCount = 0, hitCount = 5, missCount = 1]
11:23:23.165 [Test worker] DEBUG org.springframework.test.context.cache - Spring test ApplicationContext cache statistics: [DefaultContextCache@6706da3d size = 1, maxSize = 32, parentContextCount = 0, hitCount = 6, missCount = 1]
11:23:23.165 [Test worker] DEBUG org.springframework.test.context.cache - Spring test ApplicationContext cache statistics: [DefaultContextCache@6706da3d size = 1, maxSize = 32, parentContextCount = 0, hitCount = 7, missCount = 1]
11:23:23.165 [Test worker] DEBUG org.springframework.test.context.cache - Spring test ApplicationContext cache statistics: [DefaultContextCache@6706da3d size = 1, maxSize = 32, parentContextCount = 0, hitCount = 8, missCount = 1]
11:23:23.166 [Test worker] DEBUG org.springframework.test.context.cache - Spring test ApplicationContext cache statistics: [DefaultContextCache@6706da3d size = 1, maxSize = 32, parentContextCount = 0, hitCount = 9, missCount = 1]
11:23:23.167 [Test worker] DEBUG org.springframework.test.context.cache - Spring test ApplicationContext cache statistics: [DefaultContextCache@6706da3d size = 1, maxSize = 32, parentContextCount = 0, hitCount = 10, missCount = 1]
11:23:23.167 [Test worker] DEBUG org.springframework.test.context.support.AbstractDirtiesContextTestExecutionListener - After test method: class [RestTemplateConfigTest], method [restTemplate_shouldHaveLoggingInterceptor], class annotated with @DirtiesContext [false] with mode [null], method annotated with @DirtiesContext [false] with mode [null]
11:23:23.169 [Test worker] DEBUG org.springframework.test.context.support.DependencyInjectionTestExecutionListener - Performing dependency injection for test class com.audition.configuration.RestTemplateConfigTest
11:23:23.169 [Test worker] DEBUG org.springframework.test.context.cache - Spring test ApplicationContext cache statistics: [DefaultContextCache@6706da3d size = 1, maxSize = 32, parentContextCount = 0, hitCount = 11, missCount = 1]
11:23:23.169 [Test worker] DEBUG org.springframework.test.context.cache - Spring test ApplicationContext cache statistics: [DefaultContextCache@6706da3d size = 1, maxSize = 32, parentContextCount = 0, hitCount = 12, missCount = 1]
11:23:23.170 [Test worker] DEBUG org.springframework.test.context.support.AbstractDirtiesContextTestExecutionListener - Before test method: class [RestTemplateConfigTest], method [restTemplate_shouldUseConfiguredObjectMapper], class annotated with @DirtiesContext [false] with mode [null], method annotated with @DirtiesContext [false] with mode [null]
11:23:23.170 [Test worker] DEBUG org.springframework.test.context.cache - Spring test ApplicationContext cache statistics: [DefaultContextCache@6706da3d size = 1, maxSize = 32, parentContextCount = 0, hitCount = 13, missCount = 1]
11:23:23.171 [Test worker] DEBUG org.springframework.test.context.cache - Spring test ApplicationContext cache statistics: [DefaultContextCache@6706da3d size = 1, maxSize = 32, parentContextCount = 0, hitCount = 14, missCount = 1]
11:23:23.171 [Test worker] DEBUG org.springframework.test.context.cache - Spring test ApplicationContext cache statistics: [DefaultContextCache@6706da3d size = 1, maxSize = 32, parentContextCount = 0, hitCount = 15, missCount = 1]
11:23:23.171 [Test worker] DEBUG org.springframework.test.context.cache - Spring test ApplicationContext cache statistics: [DefaultContextCache@6706da3d size = 1, maxSize = 32, parentContextCount = 0, hitCount = 16, missCount = 1]
11:23:23.172 [Test worker] DEBUG org.springframework.test.context.cache - Spring test ApplicationContext cache statistics: [DefaultContextCache@6706da3d size = 1, maxSize = 32, parentContextCount = 0, hitCount = 17, missCount = 1]
11:23:23.172 [Test worker] DEBUG org.springframework.test.context.cache - Spring test ApplicationContext cache statistics: [DefaultContextCache@6706da3d size = 1, maxSize = 32, parentContextCount = 0, hitCount = 18, missCount = 1]
11:23:23.172 [Test worker] DEBUG org.springframework.test.context.cache - Spring test ApplicationContext cache statistics: [DefaultContextCache@6706da3d size = 1, maxSize = 32, parentContextCount = 0, hitCount = 19, missCount = 1]
11:23:23.172 [Test worker] DEBUG org.springframework.test.context.cache - Spring test ApplicationContext cache statistics: [DefaultContextCache@6706da3d size = 1, maxSize = 32, parentContextCount = 0, hitCount = 20, missCount = 1]
11:23:23.172 [Test worker] DEBUG org.springframework.test.context.cache - Spring test ApplicationContext cache statistics: [DefaultContextCache@6706da3d size = 1, maxSize = 32, parentContextCount = 0, hitCount = 21, missCount = 1]
11:23:23.172 [Test worker] DEBUG org.springframework.test.context.support.AbstractDirtiesContextTestExecutionListener - After test method: class [RestTemplateConfigTest], method [restTemplate_shouldUseConfiguredObjectMapper], class annotated with @DirtiesContext [false] with mode [null], method annotated with @DirtiesContext [false] with mode [null]
11:23:23.173 [Test worker] DEBUG org.springframework.test.context.cache - Spring test ApplicationContext cache statistics: [DefaultContextCache@6706da3d size = 1, maxSize = 32, parentContextCount = 0, hitCount = 22, missCount = 1]
11:23:23.173 [Test worker] DEBUG org.springframework.test.context.support.AbstractDirtiesContextTestExecutionListener - After test class: class [RestTemplateConfigTest], class annotated with @DirtiesContext [false] with mode [null]
]]></system-out>
  <system-err><![CDATA[]]></system-err>
</testsuite>
