<?xml version="1.0" encoding="UTF-8"?>
<testsuite name="com.audition.web.AuditionControllerTest" tests="0" skipped="0" failures="0" errors="0" timestamp="1970-01-01T00:00:00" hostname="AMAL3W7R5J7W5" time="0.0">
  <properties/>
  <system-out><![CDATA[2025-04-09 14:39:50.159  INFO 996 --- [    Test worker] t.c.s.AnnotationConfigContextLoaderUtils : Could not detect default configuration classes for test class [com.audition.web.AuditionControllerTest]: AuditionControllerTest does not declare any static, non-private, non-final, nested classes annotated with @Configuration.
2025-04-09 14:39:50.180  INFO 996 --- [    Test worker] .b.t.c.SpringBootTestContextBootstrapper : Found @SpringBootConfiguration com.audition.AuditionApplication for test class com.audition.web.AuditionControllerTest
]]></system-out>
  <system-err><![CDATA[]]></system-err>
</testsuite>
